--- adb starting (pid 5705) ---
adb I 10-25 22:42:51  5705  5705 main.cpp:57] Android Debug Bridge version 1.0.39
adb I 10-25 22:42:51  5705  5705 main.cpp:57] Version 1:8.1.0+r23-5~18.04
adb I 10-25 22:42:51  5705  5705 main.cpp:57] Installed as /usr/lib/android-sdk/platform-tools/adb
adb I 10-25 22:42:51  5705  5705 main.cpp:57] 
adb I 10-25 22:42:51  5705  5705 adb_auth_host.cpp:416] adb_auth_init...
adb I 10-25 22:42:51  5705  5705 adb_auth_host.cpp:174] read_key_file '/home/irvan/.android/adbkey'...
adb I 10-25 22:42:51  5705  5705 adb_auth_host.cpp:391] adb_auth_inotify_init...
--- adb starting (pid 9078) ---
adb I 10-26 09:50:00  9078  9078 main.cpp:57] Android Debug Bridge version 1.0.39
adb I 10-26 09:50:00  9078  9078 main.cpp:57] Version 1:8.1.0+r23-5~18.04
adb I 10-26 09:50:00  9078  9078 main.cpp:57] Installed as /usr/lib/android-sdk/platform-tools/adb
adb I 10-26 09:50:00  9078  9078 main.cpp:57] 
adb I 10-26 09:50:00  9078  9078 adb_auth_host.cpp:416] adb_auth_init...
adb I 10-26 09:50:00  9078  9078 adb_auth_host.cpp:174] read_key_file '/home/irvan/.android/adbkey'...
adb I 10-26 09:50:00  9078  9078 adb_auth_host.cpp:391] adb_auth_inotify_init...
--- adb starting (pid 2664) ---
adb I 10-26 15:31:14  2664  2664 main.cpp:57] Android Debug Bridge version 1.0.39
adb I 10-26 15:31:14  2664  2664 main.cpp:57] Version 1:8.1.0+r23-5~18.04
adb I 10-26 15:31:14  2664  2664 main.cpp:57] Installed as /usr/lib/android-sdk/platform-tools/adb
adb I 10-26 15:31:14  2664  2664 main.cpp:57] 
adb I 10-26 15:31:14  2664  2664 adb_auth_host.cpp:416] adb_auth_init...
adb I 10-26 15:31:14  2664  2664 adb_auth_host.cpp:174] read_key_file '/home/irvan/.android/adbkey'...
adb I 10-26 15:31:14  2664  2664 adb_auth_host.cpp:391] adb_auth_inotify_init...
adb I 10-26 19:46:46  2664  2664 adb_auth_host.cpp:467] Calling send_auth_response
adb I 10-26 21:57:40  2664  2664 adb_auth_host.cpp:467] Calling send_auth_response
--- adb starting (pid 3885) ---
adb I 10-27 05:34:23  3885  3885 main.cpp:57] Android Debug Bridge version 1.0.39
adb I 10-27 05:34:23  3885  3885 main.cpp:57] Version 1:8.1.0+r23-5~18.04
adb I 10-27 05:34:23  3885  3885 main.cpp:57] Installed as /usr/lib/android-sdk/platform-tools/adb
adb I 10-27 05:34:23  3885  3885 main.cpp:57] 
adb I 10-27 05:34:23  3885  3885 adb_auth_host.cpp:416] adb_auth_init...
adb I 10-27 05:34:23  3885  3885 adb_auth_host.cpp:174] read_key_file '/home/irvan/.android/adbkey'...
adb I 10-27 05:34:23  3885  3885 adb_auth_host.cpp:391] adb_auth_inotify_init...
--- adb starting (pid 5056) ---
adb I 10-27 16:32:37  5056  5056 main.cpp:57] Android Debug Bridge version 1.0.39
adb I 10-27 16:32:37  5056  5056 main.cpp:57] Version 1:8.1.0+r23-5~18.04
adb I 10-27 16:32:37  5056  5056 main.cpp:57] Installed as /usr/lib/android-sdk/platform-tools/adb
adb I 10-27 16:32:37  5056  5056 main.cpp:57] 
adb I 10-27 16:32:37  5056  5056 adb_auth_host.cpp:416] adb_auth_init...
adb I 10-27 16:32:37  5056  5056 adb_auth_host.cpp:174] read_key_file '/home/irvan/.android/adbkey'...
adb I 10-27 16:32:37  5056  5056 adb_auth_host.cpp:391] adb_auth_inotify_init...
--- adb starting (pid 3445) ---
adb I 10-28 08:37:11  3445  3445 main.cpp:57] Android Debug Bridge version 1.0.39
adb I 10-28 08:37:11  3445  3445 main.cpp:57] Version 1:8.1.0+r23-5~18.04
adb I 10-28 08:37:11  3445  3445 main.cpp:57] Installed as /usr/lib/android-sdk/platform-tools/adb
adb I 10-28 08:37:11  3445  3445 main.cpp:57] 
adb I 10-28 08:37:11  3445  3445 adb_auth_host.cpp:416] adb_auth_init...
adb I 10-28 08:37:11  3445  3445 adb_auth_host.cpp:174] read_key_file '/home/irvan/.android/adbkey'...
adb I 10-28 08:37:11  3445  3445 adb_auth_host.cpp:391] adb_auth_inotify_init...
--- adb starting (pid 3984) ---
adb I 10-29 09:33:11  3984  3984 main.cpp:57] Android Debug Bridge version 1.0.39
adb I 10-29 09:33:11  3984  3984 main.cpp:57] Version 1:8.1.0+r23-5~18.04
adb I 10-29 09:33:11  3984  3984 main.cpp:57] Installed as /usr/lib/android-sdk/platform-tools/adb
adb I 10-29 09:33:11  3984  3984 main.cpp:57] 
adb I 10-29 09:33:11  3984  3984 adb_auth_host.cpp:416] adb_auth_init...
adb I 10-29 09:33:11  3984  3984 adb_auth_host.cpp:174] read_key_file '/home/irvan/.android/adbkey'...
adb I 10-29 09:33:11  3984  3984 adb_auth_host.cpp:391] adb_auth_inotify_init...
--- adb starting (pid 2500) ---
adb I 10-29 23:28:00  2500  2500 main.cpp:57] Android Debug Bridge version 1.0.39
adb I 10-29 23:28:00  2500  2500 main.cpp:57] Version 1:8.1.0+r23-5~18.04
adb I 10-29 23:28:00  2500  2500 main.cpp:57] Installed as /usr/lib/android-sdk/platform-tools/adb
adb I 10-29 23:28:00  2500  2500 main.cpp:57] 
adb I 10-29 23:28:00  2500  2500 adb_auth_host.cpp:416] adb_auth_init...
adb I 10-29 23:28:00  2500  2500 adb_auth_host.cpp:174] read_key_file '/home/irvan/.android/adbkey'...
adb I 10-29 23:28:00  2500  2500 adb_auth_host.cpp:391] adb_auth_inotify_init...
--- adb starting (pid 3571) ---
adb I 10-30 09:25:16  3571  3571 main.cpp:57] Android Debug Bridge version 1.0.39
adb I 10-30 09:25:16  3571  3571 main.cpp:57] Version 1:8.1.0+r23-5~18.04
adb I 10-30 09:25:16  3571  3571 main.cpp:57] Installed as /usr/lib/android-sdk/platform-tools/adb
adb I 10-30 09:25:16  3571  3571 main.cpp:57] 
adb I 10-30 09:25:16  3571  3571 adb_auth_host.cpp:416] adb_auth_init...
adb I 10-30 09:25:16  3571  3571 adb_auth_host.cpp:174] read_key_file '/home/irvan/.android/adbkey'...
adb I 10-30 09:25:16  3571  3571 adb_auth_host.cpp:391] adb_auth_inotify_init...
--- adb starting (pid 4863) ---
adb I 10-30 22:21:30  4863  4863 main.cpp:57] Android Debug Bridge version 1.0.39
adb I 10-30 22:21:30  4863  4863 main.cpp:57] Version 1:8.1.0+r23-5~18.04
adb I 10-30 22:21:30  4863  4863 main.cpp:57] Installed as /usr/lib/android-sdk/platform-tools/adb
adb I 10-30 22:21:30  4863  4863 main.cpp:57] 
adb I 10-30 22:21:30  4863  4863 adb_auth_host.cpp:416] adb_auth_init...
adb I 10-30 22:21:30  4863  4863 adb_auth_host.cpp:174] read_key_file '/home/irvan/.android/adbkey'...
adb I 10-30 22:21:30  4863  4863 adb_auth_host.cpp:391] adb_auth_inotify_init...
--- adb starting (pid 7665) ---
adb I 10-31 10:48:08  7665  7665 main.cpp:57] Android Debug Bridge version 1.0.39
adb I 10-31 10:48:08  7665  7665 main.cpp:57] Version 1:8.1.0+r23-5~18.04
adb I 10-31 10:48:08  7665  7665 main.cpp:57] Installed as /usr/lib/android-sdk/platform-tools/adb
adb I 10-31 10:48:08  7665  7665 main.cpp:57] 
adb I 10-31 10:48:08  7665  7665 adb_auth_host.cpp:416] adb_auth_init...
adb I 10-31 10:48:08  7665  7665 adb_auth_host.cpp:174] read_key_file '/home/irvan/.android/adbkey'...
adb I 10-31 10:48:08  7665  7665 adb_auth_host.cpp:391] adb_auth_inotify_init...
--- adb starting (pid 2243) ---
adb I 10-31 19:42:02  2243  2243 main.cpp:57] Android Debug Bridge version 1.0.39
adb I 10-31 19:42:02  2243  2243 main.cpp:57] Version 1:8.1.0+r23-5~18.04
adb I 10-31 19:42:02  2243  2243 main.cpp:57] Installed as /usr/lib/android-sdk/platform-tools/adb
adb I 10-31 19:42:02  2243  2243 main.cpp:57] 
adb I 10-31 19:42:02  2243  2243 adb_auth_host.cpp:416] adb_auth_init...
adb I 10-31 19:42:02  2243  2243 adb_auth_host.cpp:174] read_key_file '/home/irvan/.android/adbkey'...
adb I 10-31 19:42:02  2243  2243 adb_auth_host.cpp:391] adb_auth_inotify_init...
adb I 11-01 00:47:53  2243  2243 adb_auth_host.cpp:467] Calling send_auth_response
adb E 11-01 00:48:38  2243 12424 transport_usb.cpp:146] remote usb: 1 - write terminated: Connection timed out
adb I 11-01 00:48:39  2243  2243 adb_auth_host.cpp:467] Calling send_auth_response
adb I 11-01 00:48:47  2243  2243 adb_auth_host.cpp:467] Calling send_auth_response
adb E 11-01 00:48:58  2243 12525 transport_usb.cpp:146] remote usb: 1 - write terminated: Connection timed out
adb I 11-01 00:48:59  2243  2243 adb_auth_host.cpp:467] Calling send_auth_response
adb I 11-01 00:49:21  2243  2243 adb_auth_host.cpp:467] Calling send_auth_response
adb I 11-01 00:49:22  2243  2243 adb_auth_host.cpp:467] Calling send_auth_response
adb E 11-01 00:49:23  2243 12663 transport_usb.cpp:146] remote usb: 1 - write terminated: Connection timed out
adb I 11-01 00:49:24  2243  2243 adb_auth_host.cpp:467] Calling send_auth_response
adb I 11-01 00:49:26  2243  2243 adb_auth_host.cpp:467] Calling send_auth_response
adb I 11-01 00:49:28  2243  2243 adb_auth_host.cpp:467] Calling send_auth_response
adb I 11-01 00:49:30  2243  2243 adb_auth_host.cpp:467] Calling send_auth_response
adb I 11-01 00:49:38  2243  2243 adb_auth_host.cpp:467] Calling send_auth_response
adb I 11-01 00:49:51  2243  2243 adb_auth_host.cpp:467] Calling send_auth_response
adb I 11-01 00:49:58  2243  2243 adb_auth_host.cpp:467] Calling send_auth_response
adb I 11-01 00:50:08  2243  2243 adb_auth_host.cpp:467] Calling send_auth_response
adb I 11-01 00:50:14  2243  2243 adb_auth_host.cpp:467] Calling send_auth_response
adb E 11-01 00:50:20  2243 13085 transport_usb.cpp:146] remote usb: 1 - write terminated: Connection timed out
adb I 11-01 00:50:25  2243  2243 adb_auth_host.cpp:467] Calling send_auth_response
adb I 11-01 00:50:40  2243  2243 adb_auth_host.cpp:467] Calling send_auth_response
adb E 11-01 00:50:45  2243 13240 transport_usb.cpp:146] remote usb: 1 - write terminated: Connection timed out
adb I 11-01 00:51:05  2243  2243 adb_auth_host.cpp:467] Calling send_auth_response
adb I 11-01 00:56:58  2243  2243 adb_auth_host.cpp:467] Calling send_auth_response
adb I 11-01 01:42:30  2243  2243 adb_auth_host.cpp:467] Calling send_auth_response
adb E 11-01 01:42:31  2243 15342 transport_usb.cpp:146] remote usb: 1 - write terminated: Connection timed out
adb I 11-01 01:42:33  2243  2243 adb_auth_host.cpp:467] Calling send_auth_response
--- adb starting (pid 2435) ---
adb I 11-01 12:38:03  2435  2435 main.cpp:57] Android Debug Bridge version 1.0.39
adb I 11-01 12:38:03  2435  2435 main.cpp:57] Version 1:8.1.0+r23-5~18.04
adb I 11-01 12:38:03  2435  2435 main.cpp:57] Installed as /usr/lib/android-sdk/platform-tools/adb
adb I 11-01 12:38:03  2435  2435 main.cpp:57] 
adb I 11-01 12:38:03  2435  2435 adb_auth_host.cpp:416] adb_auth_init...
adb I 11-01 12:38:03  2435  2435 adb_auth_host.cpp:174] read_key_file '/home/irvan/.android/adbkey'...
adb I 11-01 12:38:03  2435  2435 adb_auth_host.cpp:391] adb_auth_inotify_init...
--- adb starting (pid 2975) ---
adb I 11-01 19:34:24  2975  2975 main.cpp:57] Android Debug Bridge version 1.0.39
adb I 11-01 19:34:24  2975  2975 main.cpp:57] Version 1:8.1.0+r23-5~18.04
adb I 11-01 19:34:24  2975  2975 main.cpp:57] Installed as /usr/lib/android-sdk/platform-tools/adb
adb I 11-01 19:34:24  2975  2975 main.cpp:57] 
adb I 11-01 19:34:24  2975  2975 adb_auth_host.cpp:416] adb_auth_init...
adb I 11-01 19:34:24  2975  2975 adb_auth_host.cpp:174] read_key_file '/home/irvan/.android/adbkey'...
adb I 11-01 19:34:24  2975  2975 adb_auth_host.cpp:391] adb_auth_inotify_init...
--- adb starting (pid 2727) ---
adb I 11-02 08:10:28  2727  2727 main.cpp:57] Android Debug Bridge version 1.0.39
adb I 11-02 08:10:28  2727  2727 main.cpp:57] Version 1:8.1.0+r23-5~18.04
adb I 11-02 08:10:28  2727  2727 main.cpp:57] Installed as /usr/lib/android-sdk/platform-tools/adb
adb I 11-02 08:10:28  2727  2727 main.cpp:57] 
adb I 11-02 08:10:28  2727  2727 adb_auth_host.cpp:416] adb_auth_init...
adb I 11-02 08:10:28  2727  2727 adb_auth_host.cpp:174] read_key_file '/home/irvan/.android/adbkey'...
adb I 11-02 08:10:28  2727  2727 adb_auth_host.cpp:391] adb_auth_inotify_init...
--- adb starting (pid 2488) ---
adb I 11-02 16:21:50  2488  2488 main.cpp:57] Android Debug Bridge version 1.0.39
adb I 11-02 16:21:50  2488  2488 main.cpp:57] Version 1:8.1.0+r23-5~18.04
adb I 11-02 16:21:50  2488  2488 main.cpp:57] Installed as /usr/lib/android-sdk/platform-tools/adb
adb I 11-02 16:21:50  2488  2488 main.cpp:57] 
adb I 11-02 16:21:50  2488  2488 adb_auth_host.cpp:416] adb_auth_init...
adb I 11-02 16:21:50  2488  2488 adb_auth_host.cpp:174] read_key_file '/home/irvan/.android/adbkey'...
adb I 11-02 16:21:50  2488  2488 adb_auth_host.cpp:391] adb_auth_inotify_init...
--- adb starting (pid 2883) ---
adb I 11-03 16:26:18  2883  2883 main.cpp:57] Android Debug Bridge version 1.0.39
adb I 11-03 16:26:18  2883  2883 main.cpp:57] Version 1:8.1.0+r23-5~18.04
adb I 11-03 16:26:18  2883  2883 main.cpp:57] Installed as /usr/lib/android-sdk/platform-tools/adb
adb I 11-03 16:26:18  2883  2883 main.cpp:57] 
adb I 11-03 16:26:18  2883  2883 adb_auth_host.cpp:416] adb_auth_init...
adb I 11-03 16:26:18  2883  2883 adb_auth_host.cpp:174] read_key_file '/home/irvan/.android/adbkey'...
adb I 11-03 16:26:18  2883  2883 adb_auth_host.cpp:391] adb_auth_inotify_init...
--- adb starting (pid 4893) ---
adb I 11-04 09:48:19  4893  4893 main.cpp:57] Android Debug Bridge version 1.0.39
adb I 11-04 09:48:19  4893  4893 main.cpp:57] Version 1:8.1.0+r23-5~18.04
adb I 11-04 09:48:19  4893  4893 main.cpp:57] Installed as /usr/lib/android-sdk/platform-tools/adb
adb I 11-04 09:48:19  4893  4893 main.cpp:57] 
adb I 11-04 09:48:19  4893  4893 adb_auth_host.cpp:416] adb_auth_init...
adb I 11-04 09:48:19  4893  4893 adb_auth_host.cpp:174] read_key_file '/home/irvan/.android/adbkey'...
adb I 11-04 09:48:19  4893  4893 adb_auth_host.cpp:391] adb_auth_inotify_init...
--- adb starting (pid 11565) ---
adb I 11-05 09:43:24 11565 11565 main.cpp:57] Android Debug Bridge version 1.0.39
adb I 11-05 09:43:24 11565 11565 main.cpp:57] Version 1:8.1.0+r23-5~18.04
adb I 11-05 09:43:24 11565 11565 main.cpp:57] Installed as /usr/lib/android-sdk/platform-tools/adb
adb I 11-05 09:43:24 11565 11565 main.cpp:57] 
adb I 11-05 09:43:24 11565 11565 adb_auth_host.cpp:416] adb_auth_init...
adb I 11-05 09:43:24 11565 11565 adb_auth_host.cpp:174] read_key_file '/home/irvan/.android/adbkey'...
adb I 11-05 09:43:24 11565 11565 adb_auth_host.cpp:391] adb_auth_inotify_init...
--- adb starting (pid 3026) ---
adb I 11-05 16:10:36  3026  3026 main.cpp:57] Android Debug Bridge version 1.0.39
adb I 11-05 16:10:36  3026  3026 main.cpp:57] Version 1:8.1.0+r23-5~18.04
adb I 11-05 16:10:36  3026  3026 main.cpp:57] Installed as /usr/lib/android-sdk/platform-tools/adb
adb I 11-05 16:10:36  3026  3026 main.cpp:57] 
adb I 11-05 16:10:36  3026  3026 adb_auth_host.cpp:416] adb_auth_init...
adb I 11-05 16:10:36  3026  3026 adb_auth_host.cpp:174] read_key_file '/home/irvan/.android/adbkey'...
adb I 11-05 16:10:36  3026  3026 adb_auth_host.cpp:391] adb_auth_inotify_init...
--- adb starting (pid 2412) ---
adb I 11-06 08:24:22  2412  2412 main.cpp:57] Android Debug Bridge version 1.0.39
adb I 11-06 08:24:22  2412  2412 main.cpp:57] Version 1:8.1.0+r23-5~18.04
adb I 11-06 08:24:22  2412  2412 main.cpp:57] Installed as /usr/lib/android-sdk/platform-tools/adb
adb I 11-06 08:24:22  2412  2412 main.cpp:57] 
adb I 11-06 08:24:22  2412  2412 adb_auth_host.cpp:416] adb_auth_init...
adb I 11-06 08:24:22  2412  2412 adb_auth_host.cpp:262] User key '/home/irvan/.android/adbkey' does not exist...
adb I 11-06 08:24:22  2412  2412 adb_auth_host.cpp:109] generate_key(/home/irvan/.android/adbkey)...
adb I 11-06 08:24:23  2412  2412 adb_auth_host.cpp:77] write_public_keyfile...
adb I 11-06 08:24:23  2412  2412 adb_auth_host.cpp:56] get_user_info...
adb I 11-06 08:24:23  2412  2412 adb_auth_host.cpp:174] read_key_file '/home/irvan/.android/adbkey'...
adb I 11-06 08:24:23  2412  2412 adb_auth_host.cpp:391] adb_auth_inotify_init...
adb I 11-06 21:36:07  2412  2412 adb_auth_host.cpp:467] Calling send_auth_response
adb I 11-06 21:36:07  2412  2412 adb_auth_host.cpp:435] Calling send_auth_publickey
adb E 11-06 21:36:53  2412 21764 transport_usb.cpp:146] remote usb: 1 - write terminated: Connection timed out
adb E 11-06 21:36:54  2412 21769 transport_usb.cpp:146] remote usb: 1 - write terminated: Connection timed out
adb E 11-06 21:36:55  2412 21772 transport_usb.cpp:146] remote usb: 1 - write terminated: Connection timed out
adb E 11-06 21:36:56  2412 21775 transport_usb.cpp:146] remote usb: 1 - write terminated: Connection timed out
adb E 11-06 21:36:57  2412 21778 transport_usb.cpp:146] remote usb: 1 - write terminated: Connection timed out
adb E 11-06 21:36:58  2412 21781 transport_usb.cpp:146] remote usb: 1 - write terminated: Connection timed out
adb E 11-06 21:36:59  2412 21784 transport_usb.cpp:146] remote usb: 1 - write terminated: Connection timed out
adb E 11-06 21:37:00  2412 21787 transport_usb.cpp:146] remote usb: 1 - write terminated: Connection timed out
adb E 11-06 21:37:01  2412 21790 transport_usb.cpp:146] remote usb: 1 - write terminated: Connection timed out
adb E 11-06 21:37:02  2412 21793 transport_usb.cpp:146] remote usb: 1 - write terminated: Connection timed out
adb E 11-06 21:37:03  2412 21796 transport_usb.cpp:146] remote usb: 1 - write terminated: Connection timed out
adb E 11-06 21:37:04  2412 21799 transport_usb.cpp:146] remote usb: 1 - write terminated: Connection timed out
adb E 11-06 21:37:05  2412 21802 transport_usb.cpp:146] remote usb: 1 - write terminated: Connection timed out
adb E 11-06 21:37:06  2412 21806 transport_usb.cpp:146] remote usb: 1 - write terminated: Connection timed out
adb E 11-06 21:37:07  2412 21809 transport_usb.cpp:146] remote usb: 1 - write terminated: Connection timed out
adb E 11-06 21:37:08  2412 21812 transport_usb.cpp:146] remote usb: 1 - write terminated: Connection timed out
adb E 11-06 21:37:09  2412 21815 transport_usb.cpp:146] remote usb: 1 - write terminated: Connection timed out
adb E 11-06 21:37:10  2412 21819 transport_usb.cpp:146] remote usb: 1 - write terminated: Connection timed out
adb E 11-06 21:37:11  2412 21822 transport_usb.cpp:146] remote usb: 1 - write terminated: Connection timed out
adb E 11-06 21:37:12  2412 21826 transport_usb.cpp:146] remote usb: 1 - write terminated: Connection timed out
adb E 11-06 21:37:13  2412 21829 transport_usb.cpp:146] remote usb: 1 - write terminated: Connection timed out
adb E 11-06 21:37:14  2412 21832 transport_usb.cpp:146] remote usb: 1 - write terminated: Connection timed out
adb E 11-06 21:37:15  2412 21835 transport_usb.cpp:146] remote usb: 1 - write terminated: Connection timed out
adb E 11-06 21:37:16  2412 21838 transport_usb.cpp:146] remote usb: 1 - write terminated: Connection timed out
adb E 11-06 21:37:17  2412 21841 transport_usb.cpp:146] remote usb: 1 - write terminated: Connection timed out
adb E 11-06 21:37:18  2412 21844 transport_usb.cpp:146] remote usb: 1 - write terminated: Connection timed out
adb E 11-06 21:37:19  2412 21847 transport_usb.cpp:146] remote usb: 1 - write terminated: Connection timed out
adb E 11-06 21:37:20  2412 21850 transport_usb.cpp:146] remote usb: 1 - write terminated: Connection timed out
adb E 11-06 21:37:21  2412 21853 transport_usb.cpp:146] remote usb: 1 - write terminated: Connection timed out
adb E 11-06 21:37:22  2412 21856 transport_usb.cpp:146] remote usb: 1 - write terminated: Connection timed out
adb E 11-06 21:37:23  2412 21859 transport_usb.cpp:146] remote usb: 1 - write terminated: Connection timed out
adb E 11-06 21:37:24  2412 21862 transport_usb.cpp:146] remote usb: 1 - write terminated: Connection timed out
adb E 11-06 21:37:25  2412 21865 transport_usb.cpp:146] remote usb: 1 - write terminated: Connection timed out
adb E 11-06 21:37:26  2412 21868 transport_usb.cpp:146] remote usb: 1 - write terminated: Connection timed out
adb E 11-06 21:37:27  2412 21871 transport_usb.cpp:146] remote usb: 1 - write terminated: Connection timed out
adb E 11-06 21:37:28  2412 21874 transport_usb.cpp:146] remote usb: 1 - write terminated: Connection timed out
adb E 11-06 21:37:29  2412 21881 transport_usb.cpp:146] remote usb: 1 - write terminated: Connection timed out
adb E 11-06 21:37:30  2412 21884 transport_usb.cpp:146] remote usb: 1 - write terminated: Connection timed out
adb E 11-06 21:37:31  2412 21889 transport_usb.cpp:146] remote usb: 1 - write terminated: Connection timed out
adb E 11-06 21:37:32  2412 21902 transport_usb.cpp:146] remote usb: 1 - write terminated: Connection timed out
adb E 11-06 21:37:33  2412 21906 transport_usb.cpp:146] remote usb: 1 - write terminated: Connection timed out
adb E 11-06 21:37:34  2412 21909 transport_usb.cpp:146] remote usb: 1 - write terminated: Connection timed out
adb E 11-06 21:37:35  2412 21918 transport_usb.cpp:146] remote usb: 1 - write terminated: Connection timed out
adb E 11-06 21:37:36  2412 21921 transport_usb.cpp:146] remote usb: 1 - write terminated: Connection timed out
adb E 11-06 21:37:37  2412 21924 transport_usb.cpp:146] remote usb: 1 - write terminated: Connection timed out
adb E 11-06 21:37:38  2412 21927 transport_usb.cpp:146] remote usb: 1 - write terminated: Connection timed out
adb E 11-06 21:37:39  2412 21930 transport_usb.cpp:146] remote usb: 1 - write terminated: Connection timed out
adb E 11-06 21:37:40  2412 21933 transport_usb.cpp:146] remote usb: 1 - write terminated: Connection timed out
adb E 11-06 21:37:41  2412 21936 transport_usb.cpp:146] remote usb: 1 - write terminated: Connection timed out
adb E 11-06 21:37:42  2412 21939 transport_usb.cpp:146] remote usb: 1 - write terminated: Connection timed out
adb E 11-06 21:37:43  2412 21942 transport_usb.cpp:146] remote usb: 1 - write terminated: Connection timed out
adb E 11-06 21:37:44  2412 21946 transport_usb.cpp:146] remote usb: 1 - write terminated: Connection timed out
adb E 11-06 21:37:45  2412 21949 transport_usb.cpp:146] remote usb: 1 - write terminated: Connection timed out
adb I 11-06 21:37:46  2412  2412 adb_auth_host.cpp:467] Calling send_auth_response
adb I 11-06 21:37:52  2412  2412 adb_auth_host.cpp:467] Calling send_auth_response
