Arguments: 
  /usr/bin/node /usr/share/yarn/bin/yarn.js add react-native-image-picker

PATH: 
  /usr/local/sbin:/usr/local/bin:/usr/sbin:/usr/bin:/sbin:/bin:/usr/games:/usr/local/games:/snap/bin:/home/irvan/bin:/opt/java/jdk1.8.0_221/bin:/home/irvan/Android/Sdk/tools:/home/irvan/Android/Sdk/platform-tools

Yarn version: 
  1.19.1

Node version: 
  8.10.0

Platform: 
  linux x64

Trace: 
  Error: EACCES: permission denied, rmdir '/home/irvan/clone-webtoon/node_modules/follow-redirects/node_modules/ms'

npm manifest: 
  {
    "main": "node_modules/expo/AppEntry.js",
    "scripts": {
      "start": "expo start",
      "android": "expo start --android",
      "ios": "expo start --ios",
      "web": "expo start --web",
      "eject": "expo eject"
    },
    "dependencies": {
      "axios": "^0.19.0",
      "expo": "^33.0.0",
      "expo-font": "~5.0.1",
      "md5": "^2.2.1",
      "native-base": "^2.13.8",
      "react": "16.8.3",
      "react-dom": "^16.8.6",
      "react-native": "https://github.com/expo/react-native/archive/sdk-33.0.0.tar.gz",
      "react-native-anchor-carousel": "^3.1.1",
      "react-native-image-slider-show": "^1.0.3",
      "react-native-md5": "^1.0.0",
      "react-native-vector-icons": "^6.6.0",
      "react-native-web": "^0.11.4",
      "react-navigation": "^3.13.0"
    },
    "devDependencies": {
      "babel-preset-expo": "^5.1.1"
    },
    "private": true
  }

yarn manifest: 
  No manifest

Lockfile: 
  No lockfile
